<?xml version="1.0" encoding="UTF-8"?>
<coverage generated="1785580179525" clover="3.2.0">
  <project timestamp="1785580179525" name="All files">
    <metrics statements="223" coveredstatements="216" conditionals="105" coveredconditionals="88" methods="45" coveredmethods="44" elements="373" coveredelements="348" complexity="0" loc="223" ncloc="223" packages="5" files="7" classes="7"/>
    <package name="agent">
      <metrics statements="2" coveredstatements="2" conditionals="0" coveredconditionals="0" methods="1" coveredmethods="1"/>
      <file name="tool-registry.ts" path="E:\Tejas\Plugins\Any-AI-Agent-Plugin\omnipilot-core\src\agent\tool-registry.ts">
        <metrics statements="2" coveredstatements="2" conditionals="0" coveredconditionals="0" methods="1" coveredmethods="1"/>
        <line num="3" count="1" type="stmt"/>
        <line num="5" count="1" type="stmt"/>
      </file>
    </package>
    <package name="config">
      <metrics statements="16" coveredstatements="16" conditionals="5" coveredconditionals="5" methods="6" coveredmethods="6"/>
      <file name="provider-store.ts" path="E:\Tejas\Plugins\Any-AI-Agent-Plugin\omnipilot-core\src\config\provider-store.ts">
        <metrics statements="16" coveredstatements="16" conditionals="5" coveredconditionals="5" methods="6" coveredmethods="6"/>
        <line num="3" count="1" type="stmt"/>
        <line num="4" count="1" type="stmt"/>
        <line num="5" count="1" type="stmt"/>
        <line num="8" count="1" type="stmt"/>
        <line num="9" count="1" type="stmt"/>
        <line num="10" count="2" type="stmt"/>
        <line num="12" count="1" type="cond" truecount="3" falsecount="0"/>
        <line num="13" count="1" type="stmt"/>
        <line num="18" count="1" type="stmt"/>
        <line num="19" count="1" type="cond" truecount="1" falsecount="0"/>
        <line num="20" count="1" type="stmt"/>
        <line num="25" count="1" type="stmt"/>
        <line num="29" count="2" type="stmt"/>
        <line num="33" count="1" type="cond" truecount="1" falsecount="0"/>
        <line num="34" count="1" type="stmt"/>
        <line num="39" count="1" type="stmt"/>
      </file>
    </package>
    <package name="history">
      <metrics statements="32" coveredstatements="31" conditionals="13" coveredconditionals="7" methods="14" coveredmethods="14"/>
      <file name="manager.ts" path="E:\Tejas\Plugins\Any-AI-Agent-Plugin\omnipilot-core\src\history\manager.ts">
        <metrics statements="32" coveredstatements="31" conditionals="13" coveredconditionals="7" methods="14" coveredmethods="14"/>
        <line num="1" count="1" type="stmt"/>
        <line num="2" count="1" type="stmt"/>
        <line num="5" count="1" type="stmt"/>
        <line num="10" count="9" type="cond" truecount="1" falsecount="4"/>
        <line num="11" count="9" type="stmt"/>
        <line num="12" count="9" type="stmt"/>
        <line num="16" count="18" type="cond" truecount="0" falsecount="1"/>
        <line num="17" count="0" type="stmt"/>
        <line num="22" count="18" type="stmt"/>
        <line num="23" count="18" type="cond" truecount="1" falsecount="0"/>
        <line num="24" count="11" type="stmt"/>
        <line num="25" count="11" type="stmt"/>
        <line num="26" count="10" type="cond" truecount="1" falsecount="1"/>
        <line num="31" count="8" type="stmt"/>
        <line num="35" count="9" type="stmt"/>
        <line num="36" count="9" type="stmt"/>
        <line num="40" count="7" type="stmt"/>
        <line num="41" count="7" type="stmt"/>
        <line num="42" count="1" type="stmt"/>
        <line num="43" count="4" type="stmt"/>
        <line num="51" count="3" type="stmt"/>
        <line num="52" count="3" type="cond" truecount="2" falsecount="0"/>
        <line num="56" count="7" type="stmt"/>
        <line num="57" count="7" type="stmt"/>
        <line num="59" count="7" type="cond" truecount="2" falsecount="0"/>
        <line num="60" count="1" type="stmt"/>
        <line num="62" count="6" type="stmt"/>
        <line num="65" count="7" type="stmt"/>
        <line num="69" count="1" type="stmt"/>
        <line num="70" count="2" type="stmt"/>
        <line num="71" count="1" type="stmt"/>
        <line num="75" count="1" type="stmt"/>
      </file>
    </package>
    <package name="llm">
      <metrics statements="94" coveredstatements="89" conditionals="49" coveredconditionals="43" methods="7" coveredmethods="6"/>
      <file name="client.ts" path="E:\Tejas\Plugins\Any-AI-Agent-Plugin\omnipilot-core\src\llm\client.ts">
        <metrics statements="66" coveredstatements="61" conditionals="32" coveredconditionals="27" methods="5" coveredmethods="4"/>
        <line num="9" count="1" type="stmt"/>
        <line num="10" count="6" type="stmt"/>
        <line num="13" count="4" type="cond" truecount="0" falsecount="1"/>
        <line num="14" count="0" type="stmt"/>
        <line num="15" count="0" type="stmt"/>
        <line num="20" count="3" type="cond" truecount="2" falsecount="0"/>
        <line num="21" count="3" type="stmt"/>
        <line num="23" count="3" type="stmt"/>
        <line num="27" count="3" type="cond" truecount="3" falsecount="0"/>
        <line num="28" count="1" type="stmt"/>
        <line num="31" count="3" type="stmt"/>
        <line num="32" count="3" type="cond" truecount="1" falsecount="0"/>
        <line num="33" count="1" type="stmt"/>
        <line num="36" count="2" type="stmt"/>
        <line num="37" count="2" type="cond" truecount="3" falsecount="0"/>
        <line num="38" count="2" type="cond" truecount="2" falsecount="0"/>
        <line num="41" count="1" type="stmt"/>
        <line num="49" count="4" type="stmt"/>
        <line num="50" count="4" type="stmt"/>
        <line num="51" count="4" type="stmt"/>
        <line num="53" count="4" type="cond" truecount="1" falsecount="1"/>
        <line num="54" count="4" type="stmt"/>
        <line num="56" count="4" type="stmt"/>
        <line num="61" count="4" type="cond" truecount="3" falsecount="0"/>
        <line num="62" count="1" type="stmt"/>
        <line num="65" count="4" type="stmt"/>
        <line num="67" count="4" type="stmt"/>
        <line num="68" count="4" type="stmt"/>
        <line num="75" count="3" type="cond" truecount="1" falsecount="0"/>
        <line num="76" count="1" type="stmt"/>
        <line num="77" count="1" type="stmt"/>
        <line num="78" count="1" type="stmt"/>
        <line num="79" count="1" type="stmt"/>
        <line num="82" count="2" type="cond" truecount="1" falsecount="0"/>
        <line num="83" count="1" type="stmt"/>
        <line num="84" count="1" type="stmt"/>
        <line num="87" count="1" type="stmt"/>
        <line num="88" count="1" type="stmt"/>
        <line num="89" count="1" type="stmt"/>
        <line num="91" count="1" type="stmt"/>
        <line num="92" count="3" type="stmt"/>
        <line num="93" count="3" type="cond" truecount="0" falsecount="1"/>
        <line num="95" count="3" type="stmt"/>
        <line num="96" count="3" type="stmt"/>
        <line num="97" count="3" type="cond" truecount="2" falsecount="0"/>
        <line num="99" count="3" type="stmt"/>
        <line num="100" count="5" type="stmt"/>
        <line num="101" count="5" type="cond" truecount="3" falsecount="0"/>
        <line num="103" count="3" type="cond" truecount="1" falsecount="0"/>
        <line num="104" count="3" type="stmt"/>
        <line num="105" count="3" type="cond" truecount="1" falsecount="0"/>
        <line num="106" count="1" type="stmt"/>
        <line num="107" count="1" type="stmt"/>
        <line num="110" count="2" type="stmt"/>
        <line num="111" count="2" type="stmt"/>
        <line num="112" count="2" type="stmt"/>
        <line num="113" count="2" type="cond" truecount="1" falsecount="0"/>
        <line num="114" count="2" type="stmt"/>
        <line num="115" count="2" type="stmt"/>
        <line num="124" count="0" type="stmt"/>
        <line num="125" count="0" type="stmt"/>
        <line num="127" count="1" type="cond" truecount="1" falsecount="1"/>
        <line num="128" count="0" type="stmt"/>
        <line num="130" count="1" type="cond" truecount="1" falsecount="1"/>
        <line num="132" count="1" type="stmt"/>
        <line num="134" count="4" type="stmt"/>
      </file>
      <file name="prompt-builder.ts" path="E:\Tejas\Plugins\Any-AI-Agent-Plugin\omnipilot-core\src\llm\prompt-builder.ts">
        <metrics statements="28" coveredstatements="28" conditionals="17" coveredconditionals="16" methods="2" coveredmethods="2"/>
        <line num="16" count="1" type="stmt"/>
        <line num="18" count="3" type="stmt"/>
        <line num="20" count="3" type="stmt"/>
        <line num="22" count="3" type="cond" truecount="2" falsecount="0"/>
        <line num="23" count="1" type="stmt"/>
        <line num="24" count="2" type="cond" truecount="2" falsecount="0"/>
        <line num="25" count="1" type="stmt"/>
        <line num="27" count="1" type="stmt"/>
        <line num="30" count="3" type="cond" truecount="1" falsecount="0"/>
        <line num="31" count="3" type="stmt"/>
        <line num="32" count="3" type="cond" truecount="1" falsecount="0"/>
        <line num="33" count="2" type="cond" truecount="2" falsecount="0"/>
        <line num="35" count="3" type="cond" truecount="2" falsecount="0"/>
        <line num="36" count="2" type="stmt"/>
        <line num="37" count="1" type="cond" truecount="1" falsecount="0"/>
        <line num="38" count="1" type="stmt"/>
        <line num="42" count="3" type="stmt"/>
        <line num="47" count="2" type="stmt"/>
        <line num="48" count="2" type="stmt"/>
        <line num="50" count="2" type="stmt"/>
        <line num="51" count="3" type="cond" truecount="2" falsecount="0"/>
        <line num="52" count="1" type="cond" truecount="1" falsecount="0"/>
        <line num="53" count="1" type="cond" truecount="1" falsecount="1"/>
        <line num="54" count="1" type="stmt"/>
        <line num="57" count="2" type="stmt"/>
        <line num="61" count="2" type="cond" truecount="1" falsecount="0"/>
        <line num="62" count="1" type="stmt"/>
        <line num="65" count="2" type="stmt"/>
      </file>
    </package>
    <package name="rpc">
      <metrics statements="79" coveredstatements="78" conditionals="38" coveredconditionals="33" methods="17" coveredmethods="17"/>
      <file name="protocol.ts" path="E:\Tejas\Plugins\Any-AI-Agent-Plugin\omnipilot-core\src\rpc\protocol.ts">
        <metrics statements="2" coveredstatements="2" conditionals="0" coveredconditionals="0" methods="0" coveredmethods="0"/>
        <line num="27" count="1" type="stmt"/>
        <line num="37" count="1" type="stmt"/>
      </file>
      <file name="server.ts" path="E:\Tejas\Plugins\Any-AI-Agent-Plugin\omnipilot-core\src\rpc\server.ts">
        <metrics statements="77" coveredstatements="76" conditionals="38" coveredconditionals="33" methods="17" coveredmethods="17"/>
        <line num="2" count="1" type="stmt"/>
        <line num="15" count="1" type="stmt"/>
        <line num="16" count="12" type="stmt"/>
        <line num="17" count="12" type="stmt"/>
        <line num="18" count="12" type="stmt"/>
        <line num="19" count="12" type="stmt"/>
        <line num="24" count="12" type="stmt"/>
        <line num="25" count="12" type="stmt"/>
        <line num="26" count="12" type="stmt"/>
        <line num="30" count="12" type="stmt"/>
        <line num="31" count="1" type="stmt"/>
        <line num="44" count="15" type="stmt"/>
        <line num="48" count="12" type="stmt"/>
        <line num="49" count="11" type="stmt"/>
        <line num="50" count="11" type="stmt"/>
        <line num="55" count="11" type="stmt"/>
        <line num="56" count="22" type="stmt"/>
        <line num="57" count="22" type="cond" truecount="1" falsecount="0"/>
        <line num="59" count="11" type="stmt"/>
        <line num="60" count="11" type="stmt"/>
        <line num="62" count="11" type="cond" truecount="1" falsecount="0"/>
        <line num="64" count="1" type="stmt"/>
        <line num="65" count="1" type="stmt"/>
        <line num="68" count="10" type="stmt"/>
        <line num="69" count="10" type="stmt"/>
        <line num="71" count="10" type="cond" truecount="0" falsecount="1"/>
        <line num="73" count="0" type="stmt"/>
        <line num="76" count="10" type="stmt"/>
        <line num="77" count="10" type="stmt"/>
        <line num="79" count="10" type="stmt"/>
        <line num="85" count="10" type="stmt"/>
        <line num="86" count="10" type="stmt"/>
        <line num="88" count="1" type="stmt"/>
        <line num="89" count="1" type="stmt"/>
        <line num="92" count="9" type="cond" truecount="4" falsecount="0"/>
        <line num="93" count="1" type="cond" truecount="1" falsecount="1"/>
        <line num="94" count="1" type="stmt"/>
        <line num="98" count="8" type="cond" truecount="5" falsecount="0"/>
        <line num="99" count="2" type="stmt"/>
        <line num="100" count="2" type="cond" truecount="1" falsecount="0"/>
        <line num="101" count="2" type="stmt"/>
        <line num="102" count="2" type="cond" truecount="2" falsecount="0"/>
        <line num="103" count="1" type="stmt"/>
        <line num="105" count="1" type="stmt"/>
        <line num="108" count="2" type="stmt"/>
        <line num="112" count="6" type="stmt"/>
        <line num="113" count="6" type="cond" truecount="1" falsecount="0"/>
        <line num="114" count="1" type="cond" truecount="1" falsecount="1"/>
        <line num="115" count="1" type="stmt"/>
        <line num="118" count="5" type="stmt"/>
        <line num="120" count="5" type="cond" truecount="1" falsecount="0"/>
        <line num="121" count="1" type="cond" truecount="3" falsecount="0"/>
        <line num="122" count="1" type="stmt"/>
        <line num="124" count="1" type="stmt"/>
        <line num="128" count="4" type="stmt"/>
        <line num="129" count="4" type="stmt"/>
        <line num="131" count="1" type="cond" truecount="3" falsecount="0"/>
        <line num="132" count="1" type="stmt"/>
        <line num="136" count="3" type="cond" truecount="3" falsecount="0"/>
        <line num="137" count="3" type="cond" truecount="2" falsecount="0"/>
        <line num="138" count="3" type="cond" truecount="2" falsecount="0"/>
        <line num="139" count="3" type="stmt"/>
        <line num="145" count="1" type="stmt"/>
        <line num="150" count="1" type="stmt"/>
        <line num="154" count="2" type="stmt"/>
        <line num="155" count="2" type="stmt"/>
        <line num="162" count="2" type="stmt"/>
        <line num="163" count="2" type="stmt"/>
        <line num="164" count="2" type="stmt"/>
        <line num="169" count="1" type="stmt"/>
        <line num="174" count="1" type="stmt"/>
        <line num="178" count="7" type="stmt"/>
        <line num="183" count="7" type="stmt"/>
        <line num="187" count="11" type="stmt"/>
        <line num="188" count="11" type="stmt"/>
        <line num="189" count="11" type="stmt"/>
        <line num="190" count="11" type="stmt"/>
      </file>
    </package>
  </project>
</coverage>
