{"E:\\Tejas\\Plugins\\Any-AI-Agent-Plugin\\omnipilot-core\\src\\agent\\tool-registry.ts": {"path":"E:\\Tejas\\Plugins\\Any-AI-Agent-Plugin\\omnipilot-core\\src\\agent\\tool-registry.ts","statementMap":{"0":{"start":{"line":5,"column":4},"end":{"line":61,"column":6}},"1":{"start":{"line":3,"column":0},"end":{"line":3,"column":13}}},"fnMap":{"0":{"name":"(anonymous_0)","decl":{"start":{"line":4,"column":9},"end":{"line":4,"column":15}},"loc":{"start":{"line":4,"column":29},"end":{"line":62,"column":3}}}},"branchMap":{},"s":{"0":1,"1":1},"f":{"0":1},"b":{}}
,"E:\\Tejas\\Plugins\\Any-AI-Agent-Plugin\\omnipilot-core\\src\\config\\provider-store.ts": {"path":"E:\\Tejas\\Plugins\\Any-AI-Agent-Plugin\\omnipilot-core\\src\\config\\provider-store.ts","statementMap":{"0":{"start":{"line":4,"column":51},"end":{"line":4,"column":60}},"1":{"start":{"line":5,"column":37},"end":{"line":5,"column":39}},"2":{"start":{"line":8,"column":4},"end":{"line":8,"column":27}},"3":{"start":{"line":9,"column":4},"end":{"line":11,"column":5}},"4":{"start":{"line":10,"column":6},"end":{"line":10,"column":34}},"5":{"start":{"line":12,"column":4},"end":{"line":14,"column":5}},"6":{"start":{"line":13,"column":6},"end":{"line":13,"column":46}},"7":{"start":{"line":18,"column":21},"end":{"line":18,"column":51}},"8":{"start":{"line":19,"column":4},"end":{"line":21,"column":5}},"9":{"start":{"line":20,"column":6},"end":{"line":20,"column":31}},"10":{"start":{"line":25,"column":4},"end":{"line":25,"column":34}},"11":{"start":{"line":29,"column":4},"end":{"line":29,"column":53}},"12":{"start":{"line":33,"column":4},"end":{"line":35,"column":5}},"13":{"start":{"line":34,"column":6},"end":{"line":34,"column":33}},"14":{"start":{"line":39,"column":4},"end":{"line":39,"column":47}},"15":{"start":{"line":3,"column":0},"end":{"line":3,"column":13}}},"fnMap":{"0":{"name":"(anonymous_0)","decl":{"start":{"line":7,"column":9},"end":{"line":7,"column":21}},"loc":{"start":{"line":7,"column":49},"end":{"line":15,"column":3}}},"1":{"name":"(anonymous_1)","decl":{"start":{"line":17,"column":9},"end":{"line":17,"column":18}},"loc":{"start":{"line":17,"column":53},"end":{"line":22,"column":3}}},"2":{"name":"(anonymous_2)","decl":{"start":{"line":24,"column":9},"end":{"line":24,"column":20}},"loc":{"start":{"line":24,"column":31},"end":{"line":26,"column":3}}},"3":{"name":"(anonymous_3)","decl":{"start":{"line":28,"column":9},"end":{"line":28,"column":26}},"loc":{"start":{"line":28,"column":26},"end":{"line":30,"column":3}}},"4":{"name":"(anonymous_4)","decl":{"start":{"line":32,"column":9},"end":{"line":32,"column":28}},"loc":{"start":{"line":32,"column":39},"end":{"line":36,"column":3}}},"5":{"name":"(anonymous_5)","decl":{"start":{"line":38,"column":9},"end":{"line":38,"column":24}},"loc":{"start":{"line":38,"column":24},"end":{"line":40,"column":3}}}},"branchMap":{"0":{"loc":{"start":{"line":12,"column":4},"end":{"line":14,"column":5}},"type":"if","locations":[{"start":{"line":12,"column":4},"end":{"line":14,"column":5}}]},"1":{"loc":{"start":{"line":12,"column":8},"end":{"line":12,"column":54}},"type":"binary-expr","locations":[{"start":{"line":12,"column":8},"end":{"line":12,"column":28}},{"start":{"line":12,"column":32},"end":{"line":12,"column":54}}]},"2":{"loc":{"start":{"line":19,"column":4},"end":{"line":21,"column":5}},"type":"if","locations":[{"start":{"line":19,"column":4},"end":{"line":21,"column":5}}]},"3":{"loc":{"start":{"line":33,"column":4},"end":{"line":35,"column":5}},"type":"if","locations":[{"start":{"line":33,"column":4},"end":{"line":35,"column":5}}]}},"s":{"0":1,"1":1,"2":1,"3":1,"4":2,"5":1,"6":1,"7":1,"8":1,"9":1,"10":1,"11":2,"12":1,"13":1,"14":1,"15":1},"f":{"0":1,"1":1,"2":1,"3":2,"4":1,"5":1},"b":{"0":[1],"1":[1,1],"2":[1],"3":[1]}}
,"E:\\Tejas\\Plugins\\Any-AI-Agent-Plugin\\omnipilot-core\\src\\history\\manager.ts": {"path":"E:\\Tejas\\Plugins\\Any-AI-Agent-Plugin\\omnipilot-core\\src\\history\\manager.ts","statementMap":{"0":{"start":{"line":1,"column":0},"end":{"line":1,"column":25}},"1":{"start":{"line":2,"column":0},"end":{"line":2,"column":29}},"2":{"start":{"line":10,"column":4},"end":{"line":10,"column":112}},"3":{"start":{"line":11,"column":4},"end":{"line":11,"column":78}},"4":{"start":{"line":12,"column":4},"end":{"line":12,"column":33}},"5":{"start":{"line":16,"column":4},"end":{"line":18,"column":5}},"6":{"start":{"line":17,"column":6},"end":{"line":17,"column":57}},"7":{"start":{"line":22,"column":4},"end":{"line":30,"column":5}},"8":{"start":{"line":23,"column":6},"end":{"line":27,"column":7}},"9":{"start":{"line":24,"column":21},"end":{"line":24,"column":59}},"10":{"start":{"line":25,"column":23},"end":{"line":25,"column":39}},"11":{"start":{"line":26,"column":8},"end":{"line":26,"column":83}},"12":{"start":{"line":31,"column":4},"end":{"line":31,"column":28}},"13":{"start":{"line":35,"column":4},"end":{"line":35,"column":33}},"14":{"start":{"line":36,"column":4},"end":{"line":36,"column":76}},"15":{"start":{"line":40,"column":18},"end":{"line":40,"column":34}},"16":{"start":{"line":41,"column":4},"end":{"line":47,"column":10}},"17":{"start":{"line":42,"column":22},"end":{"line":42,"column":47}},"18":{"start":{"line":43,"column":19},"end":{"line":47,"column":8}},"19":{"start":{"line":51,"column":18},"end":{"line":51,"column":34}},"20":{"start":{"line":52,"column":4},"end":{"line":52,"column":59}},"21":{"start":{"line":52,"column":38},"end":{"line":52,"column":49}},"22":{"start":{"line":56,"column":18},"end":{"line":56,"column":34}},"23":{"start":{"line":57,"column":26},"end":{"line":57,"column":78}},"24":{"start":{"line":57,"column":58},"end":{"line":57,"column":77}},"25":{"start":{"line":59,"column":4},"end":{"line":63,"column":5}},"26":{"start":{"line":60,"column":6},"end":{"line":60,"column":46}},"27":{"start":{"line":62,"column":6},"end":{"line":62,"column":35}},"28":{"start":{"line":65,"column":4},"end":{"line":65,"column":26}},"29":{"start":{"line":69,"column":18},"end":{"line":69,"column":34}},"30":{"start":{"line":70,"column":4},"end":{"line":70,"column":63}},"31":{"start":{"line":70,"column":50},"end":{"line":70,"column":61}},"32":{"start":{"line":71,"column":4},"end":{"line":71,"column":26}},"33":{"start":{"line":75,"column":4},"end":{"line":75,"column":37}},"34":{"start":{"line":5,"column":0},"end":{"line":5,"column":13}}},"fnMap":{"0":{"name":"(anonymous_9)","decl":{"start":{"line":9,"column":2},"end":{"line":9,"column":14}},"loc":{"start":{"line":9,"column":33},"end":{"line":13,"column":3}}},"1":{"name":"(anonymous_10)","decl":{"start":{"line":15,"column":10},"end":{"line":15,"column":31}},"loc":{"start":{"line":15,"column":31},"end":{"line":19,"column":3}}},"2":{"name":"(anonymous_11)","decl":{"start":{"line":21,"column":9},"end":{"line":21,"column":18}},"loc":{"start":{"line":21,"column":18},"end":{"line":32,"column":3}}},"3":{"name":"(anonymous_12)","decl":{"start":{"line":34,"column":9},"end":{"line":34,"column":18}},"loc":{"start":{"line":34,"column":42},"end":{"line":37,"column":3}}},"4":{"name":"(anonymous_13)","decl":{"start":{"line":39,"column":9},"end":{"line":39,"column":20}},"loc":{"start":{"line":39,"column":20},"end":{"line":48,"column":3}}},"5":{"name":"(anonymous_14)","decl":{"start":{"line":42,"column":12},"end":{"line":42,"column":13}},"loc":{"start":{"line":42,"column":22},"end":{"line":42,"column":47}}},"6":{"name":"(anonymous_15)","decl":{"start":{"line":43,"column":11},"end":{"line":43,"column":12}},"loc":{"start":{"line":43,"column":19},"end":{"line":47,"column":8}}},"7":{"name":"(anonymous_16)","decl":{"start":{"line":50,"column":9},"end":{"line":50,"column":19}},"loc":{"start":{"line":50,"column":30},"end":{"line":53,"column":3}}},"8":{"name":"(anonymous_17)","decl":{"start":{"line":52,"column":31},"end":{"line":52,"column":32}},"loc":{"start":{"line":52,"column":38},"end":{"line":52,"column":49}}},"9":{"name":"(anonymous_18)","decl":{"start":{"line":55,"column":9},"end":{"line":55,"column":20}},"loc":{"start":{"line":55,"column":41},"end":{"line":66,"column":3}}},"10":{"name":"(anonymous_19)","decl":{"start":{"line":57,"column":51},"end":{"line":57,"column":52}},"loc":{"start":{"line":57,"column":58},"end":{"line":57,"column":77}}},"11":{"name":"(anonymous_20)","decl":{"start":{"line":68,"column":9},"end":{"line":68,"column":22}},"loc":{"start":{"line":68,"column":33},"end":{"line":72,"column":3}}},"12":{"name":"(anonymous_21)","decl":{"start":{"line":70,"column":43},"end":{"line":70,"column":44}},"loc":{"start":{"line":70,"column":50},"end":{"line":70,"column":61}}},"13":{"name":"(anonymous_22)","decl":{"start":{"line":74,"column":9},"end":{"line":74,"column":17}},"loc":{"start":{"line":74,"column":17},"end":{"line":76,"column":3}}}},"branchMap":{"0":{"loc":{"start":{"line":10,"column":22},"end":{"line":10,"column":111}},"type":"binary-expr","locations":[{"start":{"line":10,"column":22},"end":{"line":10,"column":32}},{"start":{"line":10,"column":36},"end":{"line":10,"column":111}}]},"1":{"loc":{"start":{"line":10,"column":46},"end":{"line":10,"column":96}},"type":"binary-expr","locations":[{"start":{"line":10,"column":46},"end":{"line":10,"column":62}},{"start":{"line":10,"column":66},"end":{"line":10,"column":89}},{"start":{"line":10,"column":93},"end":{"line":10,"column":96}}]},"2":{"loc":{"start":{"line":16,"column":4},"end":{"line":18,"column":5}},"type":"if","locations":[{"start":{"line":16,"column":4},"end":{"line":18,"column":5}}]},"3":{"loc":{"start":{"line":23,"column":6},"end":{"line":27,"column":7}},"type":"if","locations":[{"start":{"line":23,"column":6},"end":{"line":27,"column":7}}]},"4":{"loc":{"start":{"line":26,"column":27},"end":{"line":26,"column":80}},"type":"cond-expr","locations":[{"start":{"line":26,"column":60},"end":{"line":26,"column":75}},{"start":{"line":26,"column":78},"end":{"line":26,"column":80}}]},"5":{"loc":{"start":{"line":52,"column":11},"end":{"line":52,"column":58}},"type":"binary-expr","locations":[{"start":{"line":52,"column":11},"end":{"line":52,"column":50}},{"start":{"line":52,"column":54},"end":{"line":52,"column":58}}]},"6":{"loc":{"start":{"line":59,"column":4},"end":{"line":63,"column":5}},"type":"if","locations":[{"start":{"line":59,"column":4},"end":{"line":63,"column":5}},{"start":{"line":61,"column":11},"end":{"line":63,"column":5}}]}},"s":{"0":1,"1":1,"2":9,"3":9,"4":9,"5":18,"6":0,"7":18,"8":18,"9":11,"10":11,"11":10,"12":8,"13":9,"14":9,"15":7,"16":7,"17":1,"18":4,"19":3,"20":3,"21":2,"22":7,"23":7,"24":3,"25":7,"26":1,"27":6,"28":7,"29":1,"30":1,"31":2,"32":1,"33":1,"34":1},"f":{"0":9,"1":18,"2":18,"3":9,"4":7,"5":1,"6":4,"7":3,"8":2,"9":7,"10":3,"11":1,"12":2,"13":1},"b":{"0":[9,0],"1":[0,0,0],"2":[0],"3":[11],"4":[10,0],"5":[3,1],"6":[1,6]}}
,"E:\\Tejas\\Plugins\\Any-AI-Agent-Plugin\\omnipilot-core\\src\\llm\\client.ts": {"path":"E:\\Tejas\\Plugins\\Any-AI-Agent-Plugin\\omnipilot-core\\src\\llm\\client.ts","statementMap":{"0":{"start":{"line":10,"column":58},"end":{"line":10,"column":62}},"1":{"start":{"line":13,"column":4},"end":{"line":16,"column":5}},"2":{"start":{"line":14,"column":6},"end":{"line":14,"column":41}},"3":{"start":{"line":15,"column":6},"end":{"line":15,"column":40}},"4":{"start":{"line":20,"column":21},"end":{"line":20,"column":75}},"5":{"start":{"line":21,"column":22},"end":{"line":21,"column":42}},"6":{"start":{"line":23,"column":44},"end":{"line":25,"column":6}},"7":{"start":{"line":27,"column":4},"end":{"line":29,"column":5}},"8":{"start":{"line":28,"column":6},"end":{"line":28,"column":59}},"9":{"start":{"line":31,"column":21},"end":{"line":31,"column":56}},"10":{"start":{"line":32,"column":4},"end":{"line":34,"column":5}},"11":{"start":{"line":33,"column":6},"end":{"line":33,"column":96}},"12":{"start":{"line":36,"column":17},"end":{"line":36,"column":45}},"13":{"start":{"line":37,"column":4},"end":{"line":39,"column":5}},"14":{"start":{"line":38,"column":6},"end":{"line":38,"column":71}},"15":{"start":{"line":38,"column":39},"end":{"line":38,"column":53}},"16":{"start":{"line":41,"column":4},"end":{"line":41,"column":14}},"17":{"start":{"line":49,"column":4},"end":{"line":49,"column":24}},"18":{"start":{"line":50,"column":4},"end":{"line":50,"column":55}},"19":{"start":{"line":51,"column":19},"end":{"line":51,"column":52}},"20":{"start":{"line":53,"column":21},"end":{"line":53,"column":102}},"21":{"start":{"line":54,"column":22},"end":{"line":54,"column":52}},"22":{"start":{"line":56,"column":44},"end":{"line":59,"column":6}},"23":{"start":{"line":61,"column":4},"end":{"line":63,"column":5}},"24":{"start":{"line":62,"column":6},"end":{"line":62,"column":68}},"25":{"start":{"line":65,"column":19},"end":{"line":65,"column":21}},"26":{"start":{"line":67,"column":4},"end":{"line":135,"column":5}},"27":{"start":{"line":68,"column":23},"end":{"line":73,"column":8}},"28":{"start":{"line":75,"column":6},"end":{"line":80,"column":7}},"29":{"start":{"line":76,"column":24},"end":{"line":76,"column":61}},"30":{"start":{"line":76,"column":58},"end":{"line":76,"column":60}},"31":{"start":{"line":77,"column":25},"end":{"line":77,"column":85}},"32":{"start":{"line":78,"column":8},"end":{"line":78,"column":36}},"33":{"start":{"line":79,"column":8},"end":{"line":79,"column":18}},"34":{"start":{"line":82,"column":6},"end":{"line":85,"column":7}},"35":{"start":{"line":83,"column":8},"end":{"line":83,"column":51}},"36":{"start":{"line":84,"column":8},"end":{"line":84,"column":18}},"37":{"start":{"line":87,"column":22},"end":{"line":87,"column":55}},"38":{"start":{"line":88,"column":22},"end":{"line":88,"column":46}},"39":{"start":{"line":89,"column":19},"end":{"line":89,"column":21}},"40":{"start":{"line":91,"column":6},"end":{"line":122,"column":7}},"41":{"start":{"line":92,"column":32},"end":{"line":92,"column":51}},"42":{"start":{"line":93,"column":8},"end":{"line":93,"column":24}},"43":{"start":{"line":93,"column":18},"end":{"line":93,"column":24}},"44":{"start":{"line":95,"column":8},"end":{"line":95,"column":58}},"45":{"start":{"line":96,"column":22},"end":{"line":96,"column":40}},"46":{"start":{"line":97,"column":8},"end":{"line":97,"column":35}},"47":{"start":{"line":99,"column":8},"end":{"line":121,"column":9}},"48":{"start":{"line":100,"column":26},"end":{"line":100,"column":37}},"49":{"start":{"line":101,"column":10},"end":{"line":101,"column":60}},"50":{"start":{"line":101,"column":51},"end":{"line":101,"column":60}},"51":{"start":{"line":103,"column":10},"end":{"line":120,"column":11}},"52":{"start":{"line":104,"column":28},"end":{"line":104,"column":51}},"53":{"start":{"line":105,"column":12},"end":{"line":108,"column":13}},"54":{"start":{"line":106,"column":14},"end":{"line":106,"column":37}},"55":{"start":{"line":107,"column":14},"end":{"line":107,"column":30}},"56":{"start":{"line":110,"column":12},"end":{"line":119,"column":13}},"57":{"start":{"line":111,"column":49},"end":{"line":111,"column":68}},"58":{"start":{"line":112,"column":35},"end":{"line":112,"column":69}},"59":{"start":{"line":113,"column":14},"end":{"line":116,"column":15}},"60":{"start":{"line":114,"column":16},"end":{"line":114,"column":41}},"61":{"start":{"line":115,"column":16},"end":{"line":115,"column":48}},"62":{"start":{"line":124,"column":6},"end":{"line":124,"column":29}},"63":{"start":{"line":125,"column":6},"end":{"line":125,"column":22}},"64":{"start":{"line":127,"column":6},"end":{"line":131,"column":7}},"65":{"start":{"line":128,"column":8},"end":{"line":128,"column":31}},"66":{"start":{"line":130,"column":8},"end":{"line":130,"column":63}},"67":{"start":{"line":132,"column":6},"end":{"line":132,"column":22}},"68":{"start":{"line":134,"column":6},"end":{"line":134,"column":40}},"69":{"start":{"line":9,"column":0},"end":{"line":9,"column":13}}},"fnMap":{"0":{"name":"(anonymous_0)","decl":{"start":{"line":12,"column":9},"end":{"line":12,"column":21}},"loc":{"start":{"line":12,"column":21},"end":{"line":17,"column":3}}},"1":{"name":"(anonymous_1)","decl":{"start":{"line":19,"column":9},"end":{"line":19,"column":14}},"loc":{"start":{"line":19,"column":59},"end":{"line":42,"column":3}}},"2":{"name":"(anonymous_2)","decl":{"start":{"line":38,"column":27},"end":{"line":38,"column":28}},"loc":{"start":{"line":38,"column":39},"end":{"line":38,"column":53}}},"3":{"name":"(anonymous_3)","decl":{"start":{"line":44,"column":9},"end":{"line":44,"column":14}},"loc":{"start":{"line":47,"column":27},"end":{"line":136,"column":3}}},"4":{"name":"(anonymous_4)","decl":{"start":{"line":76,"column":52},"end":{"line":76,"column":55}},"loc":{"start":{"line":76,"column":58},"end":{"line":76,"column":60}}}},"branchMap":{"0":{"loc":{"start":{"line":13,"column":4},"end":{"line":16,"column":5}},"type":"if","locations":[{"start":{"line":13,"column":4},"end":{"line":16,"column":5}}]},"1":{"loc":{"start":{"line":20,"column":21},"end":{"line":20,"column":75}},"type":"cond-expr","locations":[{"start":{"line":20,"column":45},"end":{"line":20,"column":65}},{"start":{"line":20,"column":68},"end":{"line":20,"column":75}}]},"2":{"loc":{"start":{"line":27,"column":4},"end":{"line":29,"column":5}},"type":"if","locations":[{"start":{"line":27,"column":4},"end":{"line":29,"column":5}}]},"3":{"loc":{"start":{"line":27,"column":8},"end":{"line":27,"column":42}},"type":"binary-expr","locations":[{"start":{"line":27,"column":8},"end":{"line":27,"column":14}},{"start":{"line":27,"column":18},"end":{"line":27,"column":42}}]},"4":{"loc":{"start":{"line":32,"column":4},"end":{"line":34,"column":5}},"type":"if","locations":[{"start":{"line":32,"column":4},"end":{"line":34,"column":5}}]},"5":{"loc":{"start":{"line":37,"column":4},"end":{"line":39,"column":5}},"type":"if","locations":[{"start":{"line":37,"column":4},"end":{"line":39,"column":5}}]},"6":{"loc":{"start":{"line":37,"column":8},"end":{"line":37,"column":40}},"type":"binary-expr","locations":[{"start":{"line":37,"column":8},"end":{"line":37,"column":12}},{"start":{"line":37,"column":16},"end":{"line":37,"column":40}}]},"7":{"loc":{"start":{"line":38,"column":39},"end":{"line":38,"column":53}},"type":"binary-expr","locations":[{"start":{"line":38,"column":39},"end":{"line":38,"column":43}},{"start":{"line":38,"column":47},"end":{"line":38,"column":53}}]},"8":{"loc":{"start":{"line":53,"column":21},"end":{"line":53,"column":102}},"type":"cond-expr","locations":[{"start":{"line":53,"column":54},"end":{"line":53,"column":83}},{"start":{"line":53,"column":86},"end":{"line":53,"column":102}}]},"9":{"loc":{"start":{"line":61,"column":4},"end":{"line":63,"column":5}},"type":"if","locations":[{"start":{"line":61,"column":4},"end":{"line":63,"column":5}}]},"10":{"loc":{"start":{"line":61,"column":8},"end":{"line":61,"column":60}},"type":"binary-expr","locations":[{"start":{"line":61,"column":8},"end":{"line":61,"column":23}},{"start":{"line":61,"column":27},"end":{"line":61,"column":60}}]},"11":{"loc":{"start":{"line":75,"column":6},"end":{"line":80,"column":7}},"type":"if","locations":[{"start":{"line":75,"column":6},"end":{"line":80,"column":7}}]},"12":{"loc":{"start":{"line":82,"column":6},"end":{"line":85,"column":7}},"type":"if","locations":[{"start":{"line":82,"column":6},"end":{"line":85,"column":7}}]},"13":{"loc":{"start":{"line":93,"column":8},"end":{"line":93,"column":24}},"type":"if","locations":[{"start":{"line":93,"column":8},"end":{"line":93,"column":24}}]},"14":{"loc":{"start":{"line":97,"column":17},"end":{"line":97,"column":34}},"type":"binary-expr","locations":[{"start":{"line":97,"column":17},"end":{"line":97,"column":28}},{"start":{"line":97,"column":32},"end":{"line":97,"column":34}}]},"15":{"loc":{"start":{"line":101,"column":10},"end":{"line":101,"column":60}},"type":"if","locations":[{"start":{"line":101,"column":10},"end":{"line":101,"column":60}}]},"16":{"loc":{"start":{"line":101,"column":14},"end":{"line":101,"column":49}},"type":"binary-expr","locations":[{"start":{"line":101,"column":14},"end":{"line":101,"column":22}},{"start":{"line":101,"column":26},"end":{"line":101,"column":49}}]},"17":{"loc":{"start":{"line":103,"column":10},"end":{"line":120,"column":11}},"type":"if","locations":[{"start":{"line":103,"column":10},"end":{"line":120,"column":11}}]},"18":{"loc":{"start":{"line":105,"column":12},"end":{"line":108,"column":13}},"type":"if","locations":[{"start":{"line":105,"column":12},"end":{"line":108,"column":13}}]},"19":{"loc":{"start":{"line":113,"column":14},"end":{"line":116,"column":15}},"type":"if","locations":[{"start":{"line":113,"column":14},"end":{"line":116,"column":15}}]},"20":{"loc":{"start":{"line":127,"column":6},"end":{"line":131,"column":7}},"type":"if","locations":[{"start":{"line":127,"column":6},"end":{"line":131,"column":7}},{"start":{"line":129,"column":13},"end":{"line":131,"column":7}}]},"21":{"loc":{"start":{"line":130,"column":26},"end":{"line":130,"column":61}},"type":"binary-expr","locations":[{"start":{"line":130,"column":26},"end":{"line":130,"column":35}},{"start":{"line":130,"column":39},"end":{"line":130,"column":61}}]}},"s":{"0":6,"1":4,"2":0,"3":0,"4":3,"5":3,"6":3,"7":3,"8":1,"9":3,"10":3,"11":1,"12":2,"13":2,"14":1,"15":2,"16":1,"17":4,"18":4,"19":4,"20":4,"21":4,"22":4,"23":4,"24":1,"25":4,"26":4,"27":4,"28":3,"29":1,"30":0,"31":1,"32":1,"33":1,"34":2,"35":1,"36":1,"37":1,"38":1,"39":1,"40":1,"41":3,"42":3,"43":0,"44":3,"45":3,"46":3,"47":3,"48":5,"49":5,"50":2,"51":3,"52":3,"53":3,"54":1,"55":1,"56":2,"57":2,"58":2,"59":2,"60":2,"61":2,"62":0,"63":0,"64":1,"65":0,"66":1,"67":1,"68":4,"69":1},"f":{"0":4,"1":3,"2":2,"3":4,"4":0},"b":{"0":[0],"1":[1,2],"2":[1],"3":[3,1],"4":[1],"5":[1],"6":[2,2],"7":[2,1],"8":[0,4],"9":[1],"10":[4,1],"11":[1],"12":[1],"13":[0],"14":[3,3],"15":[2],"16":[5,3],"17":[3],"18":[1],"19":[2],"20":[0,1],"21":[1,0]}}
,"E:\\Tejas\\Plugins\\Any-AI-Agent-Plugin\\omnipilot-core\\src\\llm\\prompt-builder.ts": {"path":"E:\\Tejas\\Plugins\\Any-AI-Agent-Plugin\\omnipilot-core\\src\\llm\\prompt-builder.ts","statementMap":{"0":{"start":{"line":18,"column":44},"end":{"line":18,"column":51}},"1":{"start":{"line":20,"column":21},"end":{"line":20,"column":126}},"2":{"start":{"line":22,"column":4},"end":{"line":28,"column":5}},"3":{"start":{"line":23,"column":6},"end":{"line":23,"column":141}},"4":{"start":{"line":24,"column":11},"end":{"line":28,"column":5}},"5":{"start":{"line":25,"column":6},"end":{"line":25,"column":108}},"6":{"start":{"line":27,"column":6},"end":{"line":27,"column":194}},"7":{"start":{"line":30,"column":4},"end":{"line":40,"column":5}},"8":{"start":{"line":31,"column":6},"end":{"line":31,"column":57}},"9":{"start":{"line":32,"column":6},"end":{"line":34,"column":7}},"10":{"start":{"line":33,"column":8},"end":{"line":33,"column":102}},"11":{"start":{"line":35,"column":6},"end":{"line":39,"column":7}},"12":{"start":{"line":36,"column":8},"end":{"line":36,"column":88}},"13":{"start":{"line":37,"column":13},"end":{"line":39,"column":7}},"14":{"start":{"line":38,"column":8},"end":{"line":38,"column":125}},"15":{"start":{"line":42,"column":4},"end":{"line":42,"column":22}},"16":{"start":{"line":47,"column":34},"end":{"line":47,"column":36}},"17":{"start":{"line":48,"column":22},"end":{"line":48,"column":27}},"18":{"start":{"line":50,"column":4},"end":{"line":59,"column":5}},"19":{"start":{"line":51,"column":6},"end":{"line":58,"column":7}},"20":{"start":{"line":52,"column":8},"end":{"line":55,"column":9}},"21":{"start":{"line":53,"column":10},"end":{"line":53,"column":94}},"22":{"start":{"line":54,"column":10},"end":{"line":54,"column":29}},"23":{"start":{"line":57,"column":8},"end":{"line":57,"column":25}},"24":{"start":{"line":61,"column":4},"end":{"line":63,"column":5}},"25":{"start":{"line":62,"column":6},"end":{"line":62,"column":64}},"26":{"start":{"line":65,"column":4},"end":{"line":65,"column":18}},"27":{"start":{"line":16,"column":0},"end":{"line":16,"column":13}}},"fnMap":{"0":{"name":"(anonymous_0)","decl":{"start":{"line":17,"column":9},"end":{"line":17,"column":15}},"loc":{"start":{"line":17,"column":56},"end":{"line":43,"column":3}}},"1":{"name":"(anonymous_1)","decl":{"start":{"line":45,"column":9},"end":{"line":45,"column":15}},"loc":{"start":{"line":45,"column":88},"end":{"line":66,"column":3}}}},"branchMap":{"0":{"loc":{"start":{"line":22,"column":4},"end":{"line":28,"column":5}},"type":"if","locations":[{"start":{"line":22,"column":4},"end":{"line":28,"column":5}},{"start":{"line":24,"column":11},"end":{"line":28,"column":5}}]},"1":{"loc":{"start":{"line":24,"column":11},"end":{"line":28,"column":5}},"type":"if","locations":[{"start":{"line":24,"column":11},"end":{"line":28,"column":5}},{"start":{"line":26,"column":11},"end":{"line":28,"column":5}}]},"2":{"loc":{"start":{"line":30,"column":4},"end":{"line":40,"column":5}},"type":"if","locations":[{"start":{"line":30,"column":4},"end":{"line":40,"column":5}}]},"3":{"loc":{"start":{"line":32,"column":6},"end":{"line":34,"column":7}},"type":"if","locations":[{"start":{"line":32,"column":6},"end":{"line":34,"column":7}}]},"4":{"loc":{"start":{"line":33,"column":61},"end":{"line":33,"column":96}},"type":"binary-expr","locations":[{"start":{"line":33,"column":61},"end":{"line":33,"column":83}},{"start":{"line":33,"column":87},"end":{"line":33,"column":96}}]},"5":{"loc":{"start":{"line":35,"column":6},"end":{"line":39,"column":7}},"type":"if","locations":[{"start":{"line":35,"column":6},"end":{"line":39,"column":7}},{"start":{"line":37,"column":13},"end":{"line":39,"column":7}}]},"6":{"loc":{"start":{"line":37,"column":13},"end":{"line":39,"column":7}},"type":"if","locations":[{"start":{"line":37,"column":13},"end":{"line":39,"column":7}}]},"7":{"loc":{"start":{"line":51,"column":6},"end":{"line":58,"column":7}},"type":"if","locations":[{"start":{"line":51,"column":6},"end":{"line":58,"column":7}},{"start":{"line":56,"column":13},"end":{"line":58,"column":7}}]},"8":{"loc":{"start":{"line":52,"column":8},"end":{"line":55,"column":9}},"type":"if","locations":[{"start":{"line":52,"column":8},"end":{"line":55,"column":9}}]},"9":{"loc":{"start":{"line":53,"column":72},"end":{"line":53,"column":89}},"type":"binary-expr","locations":[{"start":{"line":53,"column":72},"end":{"line":53,"column":83}},{"start":{"line":53,"column":87},"end":{"line":53,"column":89}}]},"10":{"loc":{"start":{"line":61,"column":4},"end":{"line":63,"column":5}},"type":"if","locations":[{"start":{"line":61,"column":4},"end":{"line":63,"column":5}}]}},"s":{"0":3,"1":3,"2":3,"3":1,"4":2,"5":1,"6":1,"7":3,"8":3,"9":3,"10":2,"11":3,"12":2,"13":1,"14":1,"15":3,"16":2,"17":2,"18":2,"19":3,"20":1,"21":1,"22":1,"23":2,"24":2,"25":1,"26":2,"27":1},"f":{"0":3,"1":2},"b":{"0":[1,2],"1":[1,1],"2":[3],"3":[2],"4":[2,1],"5":[2,1],"6":[1],"7":[1,2],"8":[1],"9":[1,0],"10":[1]}}
,"E:\\Tejas\\Plugins\\Any-AI-Agent-Plugin\\omnipilot-core\\src\\rpc\\protocol.ts": {"path":"E:\\Tejas\\Plugins\\Any-AI-Agent-Plugin\\omnipilot-core\\src\\rpc\\protocol.ts","statementMap":{"0":{"start":{"line":27,"column":13},"end":{"line":35,"column":11}},"1":{"start":{"line":37,"column":13},"end":{"line":60,"column":11}}},"fnMap":{},"branchMap":{},"s":{"0":1,"1":1},"f":{},"b":{}}
,"E:\\Tejas\\Plugins\\Any-AI-Agent-Plugin\\omnipilot-core\\src\\rpc\\server.ts": {"path":"E:\\Tejas\\Plugins\\Any-AI-Agent-Plugin\\omnipilot-core\\src\\rpc\\server.ts","statementMap":{"0":{"start":{"line":2,"column":0},"end":{"line":2,"column":null}},"1":{"start":{"line":16,"column":50},"end":{"line":16,"column":59}},"2":{"start":{"line":17,"column":111},"end":{"line":17,"column":120}},"3":{"start":{"line":18,"column":27},"end":{"line":18,"column":42}},"4":{"start":{"line":19,"column":34},"end":{"line":19,"column":35}},"5":{"start":{"line":24,"column":4},"end":{"line":24,"column":23}},"6":{"start":{"line":25,"column":4},"end":{"line":25,"column":25}},"7":{"start":{"line":26,"column":4},"end":{"line":26,"column":35}},"8":{"start":{"line":30,"column":4},"end":{"line":40,"column":7}},"9":{"start":{"line":31,"column":6},"end":{"line":39,"column":8}},"10":{"start":{"line":44,"column":4},"end":{"line":44,"column":39}},"11":{"start":{"line":48,"column":4},"end":{"line":51,"column":7}},"12":{"start":{"line":49,"column":6},"end":{"line":49,"column":56}},"13":{"start":{"line":50,"column":6},"end":{"line":50,"column":25}},"14":{"start":{"line":55,"column":4},"end":{"line":80,"column":5}},"15":{"start":{"line":56,"column":24},"end":{"line":56,"column":55}},"16":{"start":{"line":57,"column":6},"end":{"line":57,"column":34}},"17":{"start":{"line":57,"column":28},"end":{"line":57,"column":34}},"18":{"start":{"line":59,"column":27},"end":{"line":59,"column":78}},"19":{"start":{"line":60,"column":33},"end":{"line":60,"column":79}},"20":{"start":{"line":62,"column":6},"end":{"line":66,"column":7}},"21":{"start":{"line":64,"column":8},"end":{"line":64,"column":58}},"22":{"start":{"line":65,"column":8},"end":{"line":65,"column":17}},"23":{"start":{"line":68,"column":28},"end":{"line":68,"column":63}},"24":{"start":{"line":69,"column":26},"end":{"line":69,"column":55}},"25":{"start":{"line":71,"column":6},"end":{"line":74,"column":7}},"26":{"start":{"line":73,"column":8},"end":{"line":73,"column":14}},"27":{"start":{"line":76,"column":25},"end":{"line":76,"column":73}},"28":{"start":{"line":77,"column":6},"end":{"line":77,"column":54}},"29":{"start":{"line":79,"column":6},"end":{"line":79,"column":57}},"30":{"start":{"line":85,"column":4},"end":{"line":90,"column":5}},"31":{"start":{"line":86,"column":6},"end":{"line":86,"column":32}},"32":{"start":{"line":88,"column":6},"end":{"line":88,"column":85}},"33":{"start":{"line":89,"column":6},"end":{"line":89,"column":13}},"34":{"start":{"line":92,"column":4},"end":{"line":95,"column":5}},"35":{"start":{"line":93,"column":6},"end":{"line":93,"column":113}},"36":{"start":{"line":94,"column":6},"end":{"line":94,"column":13}},"37":{"start":{"line":98,"column":4},"end":{"line":109,"column":5}},"38":{"start":{"line":99,"column":22},"end":{"line":99,"column":54}},"39":{"start":{"line":100,"column":6},"end":{"line":107,"column":7}},"40":{"start":{"line":101,"column":8},"end":{"line":101,"column":44}},"41":{"start":{"line":102,"column":8},"end":{"line":106,"column":9}},"42":{"start":{"line":103,"column":10},"end":{"line":103,"column":36}},"43":{"start":{"line":105,"column":10},"end":{"line":105,"column":38}},"44":{"start":{"line":108,"column":6},"end":{"line":108,"column":13}},"45":{"start":{"line":112,"column":19},"end":{"line":112,"column":29}},"46":{"start":{"line":113,"column":4},"end":{"line":116,"column":5}},"47":{"start":{"line":114,"column":6},"end":{"line":114,"column":102}},"48":{"start":{"line":115,"column":6},"end":{"line":115,"column":13}},"49":{"start":{"line":118,"column":20},"end":{"line":118,"column":45}},"50":{"start":{"line":120,"column":4},"end":{"line":125,"column":5}},"51":{"start":{"line":121,"column":6},"end":{"line":123,"column":7}},"52":{"start":{"line":122,"column":8},"end":{"line":122,"column":96}},"53":{"start":{"line":124,"column":6},"end":{"line":124,"column":13}},"54":{"start":{"line":128,"column":4},"end":{"line":141,"column":9}},"55":{"start":{"line":129,"column":18},"end":{"line":129,"column":37}},"56":{"start":{"line":131,"column":8},"end":{"line":133,"column":9}},"57":{"start":{"line":132,"column":10},"end":{"line":132,"column":44}},"58":{"start":{"line":136,"column":8},"end":{"line":140,"column":9}},"59":{"start":{"line":137,"column":23},"end":{"line":137,"column":66}},"60":{"start":{"line":138,"column":26},"end":{"line":138,"column":65}},"61":{"start":{"line":139,"column":10},"end":{"line":139,"column":59}},"62":{"start":{"line":145,"column":46},"end":{"line":149,"column":6}},"63":{"start":{"line":150,"column":4},"end":{"line":150,"column":41}},"64":{"start":{"line":154,"column":15},"end":{"line":154,"column":35}},"65":{"start":{"line":155,"column":36},"end":{"line":160,"column":6}},"66":{"start":{"line":162,"column":4},"end":{"line":165,"column":7}},"67":{"start":{"line":163,"column":6},"end":{"line":163,"column":56}},"68":{"start":{"line":164,"column":6},"end":{"line":164,"column":38}},"69":{"start":{"line":169,"column":38},"end":{"line":173,"column":6}},"70":{"start":{"line":174,"column":4},"end":{"line":174,"column":37}},"71":{"start":{"line":178,"column":26},"end":{"line":182,"column":6}},"72":{"start":{"line":183,"column":4},"end":{"line":183,"column":37}},"73":{"start":{"line":187,"column":20},"end":{"line":187,"column":39}},"74":{"start":{"line":188,"column":26},"end":{"line":188,"column":60}},"75":{"start":{"line":189,"column":19},"end":{"line":189,"column":61}},"76":{"start":{"line":190,"column":4},"end":{"line":190,"column":40}},"77":{"start":{"line":15,"column":0},"end":{"line":15,"column":13}}},"fnMap":{"0":{"name":"(anonymous_0)","decl":{"start":{"line":23,"column":2},"end":{"line":23,"column":14}},"loc":{"start":{"line":23,"column":80},"end":{"line":27,"column":3}}},"1":{"name":"(anonymous_1)","decl":{"start":{"line":29,"column":10},"end":{"line":29,"column":33}},"loc":{"start":{"line":29,"column":33},"end":{"line":41,"column":3}}},"2":{"name":"(anonymous_2)","decl":{"start":{"line":30,"column":49},"end":{"line":30,"column":50}},"loc":{"start":{"line":30,"column":96},"end":{"line":40,"column":5}}},"3":{"name":"(anonymous_3)","decl":{"start":{"line":43,"column":9},"end":{"line":43,"column":24}},"loc":{"start":{"line":43,"column":64},"end":{"line":45,"column":3}}},"4":{"name":"(anonymous_4)","decl":{"start":{"line":47,"column":9},"end":{"line":47,"column":14}},"loc":{"start":{"line":47,"column":14},"end":{"line":52,"column":3}}},"5":{"name":"(anonymous_5)","decl":{"start":{"line":48,"column":26},"end":{"line":48,"column":27}},"loc":{"start":{"line":48,"column":44},"end":{"line":51,"column":5}}},"6":{"name":"(anonymous_6)","decl":{"start":{"line":54,"column":9},"end":{"line":54,"column":20}},"loc":{"start":{"line":54,"column":20},"end":{"line":81,"column":3}}},"7":{"name":"(anonymous_7)","decl":{"start":{"line":83,"column":9},"end":{"line":83,"column":25}},"loc":{"start":{"line":83,"column":41},"end":{"line":142,"column":3}}},"8":{"name":"(anonymous_8)","decl":{"start":{"line":129,"column":12},"end":{"line":129,"column":15}},"loc":{"start":{"line":129,"column":18},"end":{"line":129,"column":37}}},"9":{"name":"(anonymous_9)","decl":{"start":{"line":130,"column":12},"end":{"line":130,"column":13}},"loc":{"start":{"line":130,"column":23},"end":{"line":134,"column":7}}},"10":{"name":"(anonymous_10)","decl":{"start":{"line":135,"column":13},"end":{"line":135,"column":14}},"loc":{"start":{"line":135,"column":21},"end":{"line":141,"column":7}}},"11":{"name":"(anonymous_11)","decl":{"start":{"line":144,"column":9},"end":{"line":144,"column":25}},"loc":{"start":{"line":144,"column":54},"end":{"line":151,"column":3}}},"12":{"name":"(anonymous_12)","decl":{"start":{"line":153,"column":9},"end":{"line":153,"column":20}},"loc":{"start":{"line":153,"column":58},"end":{"line":166,"column":3}}},"13":{"name":"(anonymous_13)","decl":{"start":{"line":162,"column":23},"end":{"line":162,"column":24}},"loc":{"start":{"line":162,"column":43},"end":{"line":165,"column":5}}},"14":{"name":"(anonymous_14)","decl":{"start":{"line":168,"column":10},"end":{"line":168,"column":22}},"loc":{"start":{"line":168,"column":55},"end":{"line":175,"column":3}}},"15":{"name":"(anonymous_15)","decl":{"start":{"line":177,"column":10},"end":{"line":177,"column":19}},"loc":{"start":{"line":177,"column":89},"end":{"line":184,"column":3}}},"16":{"name":"(anonymous_16)","decl":{"start":{"line":186,"column":10},"end":{"line":186,"column":27}},"loc":{"start":{"line":186,"column":36},"end":{"line":191,"column":3}}}},"branchMap":{"0":{"loc":{"start":{"line":23,"column":14},"end":{"line":23,"column":45}},"type":"default-arg","locations":[{"start":{"line":23,"column":32},"end":{"line":23,"column":45}}]},"1":{"loc":{"start":{"line":23,"column":47},"end":{"line":23,"column":80}},"type":"default-arg","locations":[{"start":{"line":23,"column":66},"end":{"line":23,"column":80}}]},"2":{"loc":{"start":{"line":57,"column":6},"end":{"line":57,"column":34}},"type":"if","locations":[{"start":{"line":57,"column":6},"end":{"line":57,"column":34}}]},"3":{"loc":{"start":{"line":62,"column":6},"end":{"line":66,"column":7}},"type":"if","locations":[{"start":{"line":62,"column":6},"end":{"line":66,"column":7}}]},"4":{"loc":{"start":{"line":71,"column":6},"end":{"line":74,"column":7}},"type":"if","locations":[{"start":{"line":71,"column":6},"end":{"line":74,"column":7}}]},"5":{"loc":{"start":{"line":92,"column":4},"end":{"line":95,"column":5}},"type":"if","locations":[{"start":{"line":92,"column":4},"end":{"line":95,"column":5}}]},"6":{"loc":{"start":{"line":92,"column":8},"end":{"line":92,"column":64}},"type":"binary-expr","locations":[{"start":{"line":92,"column":8},"end":{"line":92,"column":12}},{"start":{"line":92,"column":16},"end":{"line":92,"column":39}},{"start":{"line":92,"column":43},"end":{"line":92,"column":64}}]},"7":{"loc":{"start":{"line":93,"column":21},"end":{"line":93,"column":36}},"type":"binary-expr","locations":[{"start":{"line":93,"column":21},"end":{"line":93,"column":28}},{"start":{"line":93,"column":32},"end":{"line":93,"column":36}}]},"8":{"loc":{"start":{"line":98,"column":4},"end":{"line":109,"column":5}},"type":"if","locations":[{"start":{"line":98,"column":4},"end":{"line":109,"column":5}}]},"9":{"loc":{"start":{"line":98,"column":8},"end":{"line":98,"column":80}},"type":"binary-expr","locations":[{"start":{"line":98,"column":8},"end":{"line":98,"column":19}},{"start":{"line":98,"column":24},"end":{"line":98,"column":39}},{"start":{"line":98,"column":43},"end":{"line":98,"column":57}},{"start":{"line":98,"column":62},"end":{"line":98,"column":80}}]},"10":{"loc":{"start":{"line":100,"column":6},"end":{"line":107,"column":7}},"type":"if","locations":[{"start":{"line":100,"column":6},"end":{"line":107,"column":7}}]},"11":{"loc":{"start":{"line":102,"column":8},"end":{"line":106,"column":9}},"type":"if","locations":[{"start":{"line":102,"column":8},"end":{"line":106,"column":9}},{"start":{"line":104,"column":15},"end":{"line":106,"column":9}}]},"12":{"loc":{"start":{"line":113,"column":4},"end":{"line":116,"column":5}},"type":"if","locations":[{"start":{"line":113,"column":4},"end":{"line":116,"column":5}}]},"13":{"loc":{"start":{"line":114,"column":21},"end":{"line":114,"column":35}},"type":"binary-expr","locations":[{"start":{"line":114,"column":21},"end":{"line":114,"column":27}},{"start":{"line":114,"column":31},"end":{"line":114,"column":35}}]},"14":{"loc":{"start":{"line":120,"column":4},"end":{"line":125,"column":5}},"type":"if","locations":[{"start":{"line":120,"column":4},"end":{"line":125,"column":5}}]},"15":{"loc":{"start":{"line":121,"column":6},"end":{"line":123,"column":7}},"type":"if","locations":[{"start":{"line":121,"column":6},"end":{"line":123,"column":7}}]},"16":{"loc":{"start":{"line":121,"column":10},"end":{"line":121,"column":40}},"type":"binary-expr","locations":[{"start":{"line":121,"column":10},"end":{"line":121,"column":21}},{"start":{"line":121,"column":25},"end":{"line":121,"column":40}}]},"17":{"loc":{"start":{"line":131,"column":8},"end":{"line":133,"column":9}},"type":"if","locations":[{"start":{"line":131,"column":8},"end":{"line":133,"column":9}}]},"18":{"loc":{"start":{"line":131,"column":12},"end":{"line":131,"column":42}},"type":"binary-expr","locations":[{"start":{"line":131,"column":12},"end":{"line":131,"column":23}},{"start":{"line":131,"column":27},"end":{"line":131,"column":42}}]},"19":{"loc":{"start":{"line":136,"column":8},"end":{"line":140,"column":9}},"type":"if","locations":[{"start":{"line":136,"column":8},"end":{"line":140,"column":9}}]},"20":{"loc":{"start":{"line":136,"column":12},"end":{"line":136,"column":42}},"type":"binary-expr","locations":[{"start":{"line":136,"column":12},"end":{"line":136,"column":23}},{"start":{"line":136,"column":27},"end":{"line":136,"column":42}}]},"21":{"loc":{"start":{"line":137,"column":23},"end":{"line":137,"column":66}},"type":"binary-expr","locations":[{"start":{"line":137,"column":23},"end":{"line":137,"column":32}},{"start":{"line":137,"column":36},"end":{"line":137,"column":66}}]},"22":{"loc":{"start":{"line":138,"column":26},"end":{"line":138,"column":65}},"type":"binary-expr","locations":[{"start":{"line":138,"column":26},"end":{"line":138,"column":38}},{"start":{"line":138,"column":42},"end":{"line":138,"column":65}}]},"23":{"loc":{"start":{"line":181,"column":34},"end":{"line":181,"column":68}},"type":"cond-expr","locations":[{"start":{"line":181,"column":55},"end":{"line":181,"column":63}},{"start":{"line":181,"column":66},"end":{"line":181,"column":68}}]}},"s":{"0":1,"1":12,"2":12,"3":12,"4":12,"5":12,"6":12,"7":12,"8":12,"9":1,"10":15,"11":12,"12":11,"13":11,"14":11,"15":22,"16":22,"17":11,"18":11,"19":11,"20":11,"21":1,"22":1,"23":10,"24":10,"25":10,"26":0,"27":10,"28":10,"29":10,"30":10,"31":10,"32":1,"33":1,"34":9,"35":1,"36":1,"37":8,"38":2,"39":2,"40":2,"41":2,"42":1,"43":1,"44":2,"45":6,"46":6,"47":1,"48":1,"49":5,"50":5,"51":1,"52":1,"53":1,"54":4,"55":4,"56":1,"57":1,"58":3,"59":3,"60":3,"61":3,"62":1,"63":1,"64":2,"65":2,"66":2,"67":2,"68":2,"69":1,"70":1,"71":7,"72":7,"73":11,"74":11,"75":11,"76":11,"77":1},"f":{"0":12,"1":12,"2":1,"3":15,"4":12,"5":11,"6":11,"7":10,"8":4,"9":1,"10":3,"11":1,"12":2,"13":2,"14":1,"15":7,"16":11},"b":{"0":[0],"1":[0],"2":[11],"3":[1],"4":[0],"5":[1],"6":[9,9,9],"7":[1,0],"8":[2],"9":[8,8,7,2],"10":[2],"11":[1,1],"12":[1],"13":[1,0],"14":[1],"15":[1],"16":[1,1],"17":[1],"18":[1,1],"19":[3],"20":[3,3],"21":[3,2],"22":[3,1],"23":[1,6]}}
}
