TN:
SF:src\agent\tool-registry.ts
FN:4,(anonymous_0)
FNF:1
FNH:1
FNDA:1,(anonymous_0)
DA:3,1
DA:5,1
LF:2
LH:2
BRF:0
BRH:0
end_of_record
TN:
SF:src\config\provider-store.ts
FN:7,(anonymous_0)
FN:17,(anonymous_1)
FN:24,(anonymous_2)
FN:28,(anonymous_3)
FN:32,(anonymous_4)
FN:38,(anonymous_5)
FNF:6
FNH:6
FNDA:1,(anonymous_0)
FNDA:1,(anonymous_1)
FNDA:1,(anonymous_2)
FNDA:2,(anonymous_3)
FNDA:1,(anonymous_4)
FNDA:1,(anonymous_5)
DA:3,1
DA:4,1
DA:5,1
DA:8,1
DA:9,1
DA:10,2
DA:12,1
DA:13,1
DA:18,1
DA:19,1
DA:20,1
DA:25,1
DA:29,2
DA:33,1
DA:34,1
DA:39,1
LF:16
LH:16
BRDA:12,0,0,1
BRDA:12,1,0,1
BRDA:12,1,1,1
BRDA:19,2,0,1
BRDA:33,3,0,1
BRF:5
BRH:5
end_of_record
TN:
SF:src\history\manager.ts
FN:9,(anonymous_9)
FN:15,(anonymous_10)
FN:21,(anonymous_11)
FN:34,(anonymous_12)
FN:39,(anonymous_13)
FN:42,(anonymous_14)
FN:43,(anonymous_15)
FN:50,(anonymous_16)
FN:52,(anonymous_17)
FN:55,(anonymous_18)
FN:57,(anonymous_19)
FN:68,(anonymous_20)
FN:70,(anonymous_21)
FN:74,(anonymous_22)
FNF:14
FNH:14
FNDA:9,(anonymous_9)
FNDA:18,(anonymous_10)
FNDA:18,(anonymous_11)
FNDA:9,(anonymous_12)
FNDA:7,(anonymous_13)
FNDA:1,(anonymous_14)
FNDA:4,(anonymous_15)
FNDA:3,(anonymous_16)
FNDA:2,(anonymous_17)
FNDA:7,(anonymous_18)
FNDA:3,(anonymous_19)
FNDA:1,(anonymous_20)
FNDA:2,(anonymous_21)
FNDA:1,(anonymous_22)
DA:1,1
DA:2,1
DA:5,1
DA:10,9
DA:11,9
DA:12,9
DA:16,18
DA:17,0
DA:22,18
DA:23,18
DA:24,11
DA:25,11
DA:26,10
DA:31,8
DA:35,9
DA:36,9
DA:40,7
DA:41,7
DA:42,1
DA:43,4
DA:51,3
DA:52,3
DA:56,7
DA:57,7
DA:59,7
DA:60,1
DA:62,6
DA:65,7
DA:69,1
DA:70,2
DA:71,1
DA:75,1
LF:32
LH:31
BRDA:10,0,0,9
BRDA:10,0,1,0
BRDA:10,1,0,0
BRDA:10,1,1,0
BRDA:10,1,2,0
BRDA:16,2,0,0
BRDA:23,3,0,11
BRDA:26,4,0,10
BRDA:26,4,1,0
BRDA:52,5,0,3
BRDA:52,5,1,1
BRDA:59,6,0,1
BRDA:59,6,1,6
BRF:13
BRH:7
end_of_record
TN:
SF:src\llm\client.ts
FN:12,(anonymous_0)
FN:19,(anonymous_1)
FN:38,(anonymous_2)
FN:44,(anonymous_3)
FN:76,(anonymous_4)
FNF:5
FNH:4
FNDA:4,(anonymous_0)
FNDA:3,(anonymous_1)
FNDA:2,(anonymous_2)
FNDA:4,(anonymous_3)
FNDA:0,(anonymous_4)
DA:9,1
DA:10,6
DA:13,4
DA:14,0
DA:15,0
DA:20,3
DA:21,3
DA:23,3
DA:27,3
DA:28,1
DA:31,3
DA:32,3
DA:33,1
DA:36,2
DA:37,2
DA:38,2
DA:41,1
DA:49,4
DA:50,4
DA:51,4
DA:53,4
DA:54,4
DA:56,4
DA:61,4
DA:62,1
DA:65,4
DA:67,4
DA:68,4
DA:75,3
DA:76,1
DA:77,1
DA:78,1
DA:79,1
DA:82,2
DA:83,1
DA:84,1
DA:87,1
DA:88,1
DA:89,1
DA:91,1
DA:92,3
DA:93,3
DA:95,3
DA:96,3
DA:97,3
DA:99,3
DA:100,5
DA:101,5
DA:103,3
DA:104,3
DA:105,3
DA:106,1
DA:107,1
DA:110,2
DA:111,2
DA:112,2
DA:113,2
DA:114,2
DA:115,2
DA:124,0
DA:125,0
DA:127,1
DA:128,0
DA:130,1
DA:132,1
DA:134,4
LF:66
LH:61
BRDA:13,0,0,0
BRDA:20,1,0,1
BRDA:20,1,1,2
BRDA:27,2,0,1
BRDA:27,3,0,3
BRDA:27,3,1,1
BRDA:32,4,0,1
BRDA:37,5,0,1
BRDA:37,6,0,2
BRDA:37,6,1,2
BRDA:38,7,0,2
BRDA:38,7,1,1
BRDA:53,8,0,0
BRDA:53,8,1,4
BRDA:61,9,0,1
BRDA:61,10,0,4
BRDA:61,10,1,1
BRDA:75,11,0,1
BRDA:82,12,0,1
BRDA:93,13,0,0
BRDA:97,14,0,3
BRDA:97,14,1,3
BRDA:101,15,0,2
BRDA:101,16,0,5
BRDA:101,16,1,3
BRDA:103,17,0,3
BRDA:105,18,0,1
BRDA:113,19,0,2
BRDA:127,20,0,0
BRDA:127,20,1,1
BRDA:130,21,0,1
BRDA:130,21,1,0
BRF:32
BRH:27
end_of_record
TN:
SF:src\llm\prompt-builder.ts
FN:17,(anonymous_0)
FN:45,(anonymous_1)
FNF:2
FNH:2
FNDA:3,(anonymous_0)
FNDA:2,(anonymous_1)
DA:16,1
DA:18,3
DA:20,3
DA:22,3
DA:23,1
DA:24,2
DA:25,1
DA:27,1
DA:30,3
DA:31,3
DA:32,3
DA:33,2
DA:35,3
DA:36,2
DA:37,1
DA:38,1
DA:42,3
DA:47,2
DA:48,2
DA:50,2
DA:51,3
DA:52,1
DA:53,1
DA:54,1
DA:57,2
DA:61,2
DA:62,1
DA:65,2
LF:28
LH:28
BRDA:22,0,0,1
BRDA:22,0,1,2
BRDA:24,1,0,1
BRDA:24,1,1,1
BRDA:30,2,0,3
BRDA:32,3,0,2
BRDA:33,4,0,2
BRDA:33,4,1,1
BRDA:35,5,0,2
BRDA:35,5,1,1
BRDA:37,6,0,1
BRDA:51,7,0,1
BRDA:51,7,1,2
BRDA:52,8,0,1
BRDA:53,9,0,1
BRDA:53,9,1,0
BRDA:61,10,0,1
BRF:17
BRH:16
end_of_record
TN:
SF:src\rpc\protocol.ts
FNF:0
FNH:0
DA:27,1
DA:37,1
LF:2
LH:2
BRF:0
BRH:0
end_of_record
TN:
SF:src\rpc\server.ts
FN:23,(anonymous_0)
FN:29,(anonymous_1)
FN:30,(anonymous_2)
FN:43,(anonymous_3)
FN:47,(anonymous_4)
FN:48,(anonymous_5)
FN:54,(anonymous_6)
FN:83,(anonymous_7)
FN:129,(anonymous_8)
FN:130,(anonymous_9)
FN:135,(anonymous_10)
FN:144,(anonymous_11)
FN:153,(anonymous_12)
FN:162,(anonymous_13)
FN:168,(anonymous_14)
FN:177,(anonymous_15)
FN:186,(anonymous_16)
FNF:17
FNH:17
FNDA:12,(anonymous_0)
FNDA:12,(anonymous_1)
FNDA:1,(anonymous_2)
FNDA:15,(anonymous_3)
FNDA:12,(anonymous_4)
FNDA:11,(anonymous_5)
FNDA:11,(anonymous_6)
FNDA:10,(anonymous_7)
FNDA:4,(anonymous_8)
FNDA:1,(anonymous_9)
FNDA:3,(anonymous_10)
FNDA:1,(anonymous_11)
FNDA:2,(anonymous_12)
FNDA:2,(anonymous_13)
FNDA:1,(anonymous_14)
FNDA:7,(anonymous_15)
FNDA:11,(anonymous_16)
DA:2,1
DA:15,1
DA:16,12
DA:17,12
DA:18,12
DA:19,12
DA:24,12
DA:25,12
DA:26,12
DA:30,12
DA:31,1
DA:44,15
DA:48,12
DA:49,11
DA:50,11
DA:55,11
DA:56,22
DA:57,22
DA:59,11
DA:60,11
DA:62,11
DA:64,1
DA:65,1
DA:68,10
DA:69,10
DA:71,10
DA:73,0
DA:76,10
DA:77,10
DA:79,10
DA:85,10
DA:86,10
DA:88,1
DA:89,1
DA:92,9
DA:93,1
DA:94,1
DA:98,8
DA:99,2
DA:100,2
DA:101,2
DA:102,2
DA:103,1
DA:105,1
DA:108,2
DA:112,6
DA:113,6
DA:114,1
DA:115,1
DA:118,5
DA:120,5
DA:121,1
DA:122,1
DA:124,1
DA:128,4
DA:129,4
DA:131,1
DA:132,1
DA:136,3
DA:137,3
DA:138,3
DA:139,3
DA:145,1
DA:150,1
DA:154,2
DA:155,2
DA:162,2
DA:163,2
DA:164,2
DA:169,1
DA:174,1
DA:178,7
DA:183,7
DA:187,11
DA:188,11
DA:189,11
DA:190,11
LF:77
LH:76
BRDA:23,0,0,0
BRDA:23,1,0,0
BRDA:57,2,0,11
BRDA:62,3,0,1
BRDA:71,4,0,0
BRDA:92,5,0,1
BRDA:92,6,0,9
BRDA:92,6,1,9
BRDA:92,6,2,9
BRDA:93,7,0,1
BRDA:93,7,1,0
BRDA:98,8,0,2
BRDA:98,9,0,8
BRDA:98,9,1,8
BRDA:98,9,2,7
BRDA:98,9,3,2
BRDA:100,10,0,2
BRDA:102,11,0,1
BRDA:102,11,1,1
BRDA:113,12,0,1
BRDA:114,13,0,1
BRDA:114,13,1,0
BRDA:120,14,0,1
BRDA:121,15,0,1
BRDA:121,16,0,1
BRDA:121,16,1,1
BRDA:131,17,0,1
BRDA:131,18,0,1
BRDA:131,18,1,1
BRDA:136,19,0,3
BRDA:136,20,0,3
BRDA:136,20,1,3
BRDA:137,21,0,3
BRDA:137,21,1,2
BRDA:138,22,0,3
BRDA:138,22,1,1
BRDA:181,23,0,1
BRDA:181,23,1,6
BRF:38
BRH:33
end_of_record
